Using pre-set license

 COMMAND LINE ARGUMENTS:
/Applications/Unity/Hub/Editor/2020.3.13f1/Unity.app/Contents/MacOS/Unity
-adb2
-batchMode
-noUpm
-name
AssetImportWorker0
-projectPath
/Users/napatnava/Documents/GitHub/AIRAK-GAME/Venezia
-logFile
Logs/AssetImportWorker0.log
-srvPort
50810
Successfully changed project path to: /Users/napatnava/Documents/GitHub/AIRAK-GAME/Venezia
/Users/napatnava/Documents/GitHub/AIRAK-GAME/Venezia
Using Asset Import Pipeline V2.
Refreshing native plugins compatible for Editor in 37.79 ms, found 2 plugins.
Preloading 0 native plugins for Editor in 0.00 ms.
Initialize engine version: 2020.3.13f1 (71691879b7f5)
[Subsystems] Discovering subsystems at path /Applications/Unity/Hub/Editor/2020.3.13f1/Unity.app/Contents/Resources/UnitySubsystems
[Subsystems] Discovering subsystems at path /Users/napatnava/Documents/GitHub/AIRAK-GAME/Venezia/Assets
GfxDevice: creating device client; threaded=0
2021-12-24 22:03:06.716 Unity[4151:103819] (null) preferred device: Apple M1 (high power)
2021-12-24 22:03:06.716 Unity[4151:103819] Metal devices available: 1
2021-12-24 22:03:06.716 Unity[4151:103819] 0: Apple M1 (high power)
2021-12-24 22:03:06.716 Unity[4151:103819] Using device Apple M1 (high power)
Initializing Metal device caps: Apple M1
Initialize mono
Mono path[0] = '/Applications/Unity/Hub/Editor/2020.3.13f1/Unity.app/Contents/Managed'
Mono path[1] = '/Applications/Unity/Hub/Editor/2020.3.13f1/Unity.app/Contents/MonoBleedingEdge/lib/mono/unityjit'
Mono config path = '/Applications/Unity/Hub/Editor/2020.3.13f1/Unity.app/Contents/MonoBleedingEdge/etc'
Using monoOptions --debugger-agent=transport=dt_socket,embedding=1,server=y,suspend=n,address=127.0.0.1:56151
Begin MonoManager ReloadAssembly
Registering precompiled unity dll's ...
Register platform support module: /Applications/Unity/Hub/Editor/2020.3.13f1/Unity.app/Contents/PlaybackEngines/MacStandaloneSupport/UnityEditor.OSXStandalone.Extensions.dll
Registered in 0.001663 seconds.
Native extension for OSXStandalone target not found
Refreshing native plugins compatible for Editor in 30.62 ms, found 2 plugins.
Preloading 0 native plugins for Editor in 0.00 ms.
Mono: successfully reloaded assembly
- Completed reload, in  2.786 seconds
Platform modules already initialized, skipping
Registering precompiled user dll's ...
Registered in 0.003554 seconds.
Begin MonoManager ReloadAssembly
Native extension for OSXStandalone target not found
Refreshing native plugins compatible for Editor in 30.43 ms, found 2 plugins.
Preloading 0 native plugins for Editor in 0.00 ms.
Mono: successfully reloaded assembly
- Completed reload, in  3.144 seconds
Platform modules already initialized, skipping
========================================================================
Worker process is ready to serve import requests
Launching external process: /Applications/Unity/Hub/Editor/2020.3.13f1/Unity.app/Contents/Tools/UnityShaderCompiler
Launched and connected shader compiler UnityShaderCompiler after 0.06 seconds
Refreshing native plugins compatible for Editor in 0.47 ms, found 2 plugins.
Preloading 0 native plugins for Editor in 0.00 ms.
Unloading 1616 Unused Serialized files (Serialized files now loaded: 0)
System memory in use before: 153.4 MB.
System memory in use after: 153.5 MB.

Unloading 19 unused Assets to reduce memory usage. Loaded Objects now: 2052.
Total: 2.055250 ms (FindLiveObjects: 0.372000 ms CreateObjectMapping: 0.050500 ms MarkObjects: 1.548375 ms  DeleteObjects: 0.083500 ms)

AssetImportParameters requested are different than current active one (requested -> active):
  custom:video-decoder-ogg-theora: a1e56fd34408186e4bbccfd4996cb3dc -> 
  custom:container-muxer-webm: aa71ff27fc2769a1b78a27578f13a17b -> 
  custom:container-demuxer-webm: 4f35f7cbe854078d1ac9338744f61a02 -> 
  custom:container-demuxer-ogg: 62fdf1f143b41e24485cea50d1cbac27 -> 
  custom:video-encoder-webm-vp8: eb34c28f22e8b96e1ab97ce403110664 -> 
  custom:framework-osx-AVFoundation: e770b220cccbd017edd2c1fefb359320 -> 
  custom:video-decoder-webm-vp8: 9c59270c3fd7afecdb556c50c9e8de78 -> 
  custom:audio-decoder-ogg-vorbis: bf7c407c2cedff20999df2af8eb42d56 -> 
  custom:audio-encoder-webm-vorbis: bf7c407c2cedff20999df2af8eb42d56 -> 
========================================================================
Received Import Request.
  path: Assets/Key.prefab
  artifactKey: Guid(8c7d233f22636b8489f8d864fc962cb4) Importer(815301076,1909f56bfc062723c751e8b465ee728b)
Start importing Assets/Key.prefab using Guid(8c7d233f22636b8489f8d864fc962cb4) Importer(815301076,1909f56bfc062723c751e8b465ee728b)  -> (artifact id: 'dbdf96acf248a051b8579c587755a9aa') in 1.731250 seconds 
  Import took 1.739087 seconds .

========================================================================
Received Import Request.
  Time since last request: 0.000299 seconds.
  path: Assets/Lulu.ttf
  artifactKey: Guid(08cdf27e41902954dabfaa463645457c) Importer(815301076,1909f56bfc062723c751e8b465ee728b)
Start importing Assets/Lulu.ttf using Guid(08cdf27e41902954dabfaa463645457c) Importer(815301076,1909f56bfc062723c751e8b465ee728b)  -> (artifact id: '91339d858bf4d6ae915dd224df512908') in 1.222207 seconds 
  Import took 1.226142 seconds .

========================================================================
Received Import Request.
  Time since last request: 0.000288 seconds.
  path: Assets/main
  artifactKey: Guid(157e0c0ab04b1e045a6bc6cc6c7119d6) Importer(815301076,1909f56bfc062723c751e8b465ee728b)
Start importing Assets/main using Guid(157e0c0ab04b1e045a6bc6cc6c7119d6) Importer(815301076,1909f56bfc062723c751e8b465ee728b)  -> (artifact id: 'a0656e6e4768ae16607896cf6f090db0') in 0.000673 seconds 
  Import took 0.002470 seconds .

========================================================================
Received Import Request.
  Time since last request: 0.000160 seconds.
  path: Assets/main 1.scenetemplate
  artifactKey: Guid(e67260d7598ccc8489cdaa2a43e98c99) Importer(815301076,1909f56bfc062723c751e8b465ee728b)
Start importing Assets/main 1.scenetemplate using Guid(e67260d7598ccc8489cdaa2a43e98c99) Importer(815301076,1909f56bfc062723c751e8b465ee728b)  -> (artifact id: '8d6f7a5a65ec5988e967cc1faf7f3a4e') in 0.463662 seconds 
  Import took 0.467891 seconds .

========================================================================
Received Import Request.
  Time since last request: 0.000343 seconds.
  path: Assets/treasureKey.dae
  artifactKey: Guid(de15ad0c639294345af5003ed7ca7ad0) Importer(815301076,1909f56bfc062723c751e8b465ee728b)
Start importing Assets/treasureKey.dae using Guid(de15ad0c639294345af5003ed7ca7ad0) Importer(815301076,1909f56bfc062723c751e8b465ee728b)  -> (artifact id: 'f0cae95e61ddcf984187f73fb0f8558f') in 0.346590 seconds 
  Import took 0.349284 seconds .

========================================================================
Received Import Request.
  Time since last request: 0.000256 seconds.
  path: Assets/Romanica.ttf
  artifactKey: Guid(093aab1960b918c4eb930c23a5d3df88) Importer(815301076,1909f56bfc062723c751e8b465ee728b)
Start importing Assets/Romanica.ttf using Guid(093aab1960b918c4eb930c23a5d3df88) Importer(815301076,1909f56bfc062723c751e8b465ee728b)  -> (artifact id: '311744aca3ca3ffc456126517e081e85') in 0.018907 seconds 
  Import took 0.020700 seconds .

========================================================================
Received Import Request.
  Time since last request: 1859.638627 seconds.
  path: Assets/Level1
  artifactKey: Guid(dee3d24366c80c149acd9bd5aadae452) Importer(815301076,1909f56bfc062723c751e8b465ee728b)
Start importing Assets/Level1 using Guid(dee3d24366c80c149acd9bd5aadae452) Importer(815301076,1909f56bfc062723c751e8b465ee728b)  -> (artifact id: 'ffa1ae2f069d8bb1f0d77a50ca3ebf75') in 0.003719 seconds 
  Import took 0.011462 seconds .

========================================================================
Received Import Request.
  Time since last request: 0.001722 seconds.
  path: Assets/Level1/miku01_tex.png
  artifactKey: Guid(0af3a563337788a4699b29d94ce827e8) Importer(815301076,1909f56bfc062723c751e8b465ee728b)
Start importing Assets/Level1/miku01_tex.png using Guid(0af3a563337788a4699b29d94ce827e8) Importer(815301076,1909f56bfc062723c751e8b465ee728b)  -> (artifact id: 'df8a3e1cf8f6adde1309f410c66db68c') in 0.520710 seconds 
  Import took 0.524373 seconds .

========================================================================
Received Import Request.
  Time since last request: 0.002802 seconds.
  path: Assets/Level1/untitled1_metallic.jpg
  artifactKey: Guid(7827a2fe361282c49b53be0fbaa78040) Importer(815301076,1909f56bfc062723c751e8b465ee728b)
Start importing Assets/Level1/untitled1_metallic.jpg using Guid(7827a2fe361282c49b53be0fbaa78040) Importer(815301076,1909f56bfc062723c751e8b465ee728b)  -> (artifact id: 'f2bc6dd603a81bb79d5d03e4d5c06d5a') in 0.417247 seconds 
  Import took 0.420071 seconds .

========================================================================
Received Import Request.
  Time since last request: 0.001503 seconds.
  path: Assets/Level1/Plush Variant.prefab
  artifactKey: Guid(ab087ea676a09254d9e9f7c0cde130ce) Importer(815301076,1909f56bfc062723c751e8b465ee728b)
Start importing Assets/Level1/Plush Variant.prefab using Guid(ab087ea676a09254d9e9f7c0cde130ce) Importer(815301076,1909f56bfc062723c751e8b465ee728b)  -> (artifact id: '3b0e14d347f9cbc3206b6343178e62f2') in 0.399313 seconds 
  Import took 0.402759 seconds .

========================================================================
Received Import Request.
  Time since last request: 0.001334 seconds.
  path: Assets/Level1/Mat_Wall.mat
  artifactKey: Guid(e3438a0807ffa574aa31a6fa1ae7ab7b) Importer(815301076,1909f56bfc062723c751e8b465ee728b)
Start importing Assets/Level1/Mat_Wall.mat using Guid(e3438a0807ffa574aa31a6fa1ae7ab7b) Importer(815301076,1909f56bfc062723c751e8b465ee728b)  -> (artifact id: '1fdb1963af1781d330083abcf9875953') in 0.261506 seconds 
  Import took 0.264013 seconds .

========================================================================
Received Import Request.
  Time since last request: 0.001480 seconds.
  path: Assets/TextMesh Pro/Shaders/TMPro_Surface.cginc
  artifactKey: Guid(d930090c0cd643c7b55f19a38538c162) Importer(815301076,1909f56bfc062723c751e8b465ee728b)
Start importing Assets/TextMesh Pro/Shaders/TMPro_Surface.cginc using Guid(d930090c0cd643c7b55f19a38538c162) Importer(815301076,1909f56bfc062723c751e8b465ee728b)  -> (artifact id: '836a78725411bc3e53e0bdc56dedf858') in 0.115835 seconds 
  Import took 0.119153 seconds .

========================================================================
Received Import Request.
  Time since last request: 0.002513 seconds.
  path: Assets/TextMesh Pro/Shaders/TMP_SDF SSD.shader
  artifactKey: Guid(14eb328de4b8eb245bb7cea29e4ac00b) Importer(815301076,1909f56bfc062723c751e8b465ee728b)
Start importing Assets/TextMesh Pro/Shaders/TMP_SDF SSD.shader using Guid(14eb328de4b8eb245bb7cea29e4ac00b) Importer(815301076,1909f56bfc062723c751e8b465ee728b)  -> (artifact id: 'e3b60a7bac3eac623d84c2e55ff7e41c') in 0.097318 seconds 
  Import took 0.100145 seconds .

========================================================================
Received Import Request.
  Time since last request: 0.001819 seconds.
  path: Assets/TextMesh Pro/Shaders/TMP_SDF.shader
  artifactKey: Guid(68e6db2ebdc24f95958faec2be5558d6) Importer(815301076,1909f56bfc062723c751e8b465ee728b)
Start importing Assets/TextMesh Pro/Shaders/TMP_SDF.shader using Guid(68e6db2ebdc24f95958faec2be5558d6) Importer(815301076,1909f56bfc062723c751e8b465ee728b)  -> (artifact id: 'b030ddb499026d699ecd0f8b456e78c5') in 0.001850 seconds 
  Import took 0.003677 seconds .

========================================================================
Received Import Request.
  Time since last request: 0.002573 seconds.
  path: Assets/Level1/Metal_miku_tex.png
  artifactKey: Guid(2cc363aed80470d4ea7055e8a0ee66b3) Importer(815301076,1909f56bfc062723c751e8b465ee728b)
Start importing Assets/Level1/Metal_miku_tex.png using Guid(2cc363aed80470d4ea7055e8a0ee66b3) Importer(815301076,1909f56bfc062723c751e8b465ee728b)  -> (artifact id: '4bdb7877f09d9b1e7fe80cef074574d4') in 0.010151 seconds 
  Import took 0.012313 seconds .

========================================================================
Received Import Request.
  Time since last request: 0.001453 seconds.
  path: Assets/Level1/TMP - Font Asset Icon.psd
  artifactKey: Guid(be9bc1d6861c7ba4481ff65ba8c76f23) Importer(815301076,1909f56bfc062723c751e8b465ee728b)
Start importing Assets/Level1/TMP - Font Asset Icon.psd using Guid(be9bc1d6861c7ba4481ff65ba8c76f23) Importer(815301076,1909f56bfc062723c751e8b465ee728b)  -> (artifact id: 'c30f21a8ea43e7e1bd1ce46193d2679b') in 0.213076 seconds 
  Import took 0.215749 seconds .

========================================================================
Received Import Request.
  Time since last request: 0.001060 seconds.
  path: Assets/TextMesh Pro/Shaders
  artifactKey: Guid(e9f693669af91aa45ad615fc681ed29f) Importer(815301076,1909f56bfc062723c751e8b465ee728b)
Start importing Assets/TextMesh Pro/Shaders using Guid(e9f693669af91aa45ad615fc681ed29f) Importer(815301076,1909f56bfc062723c751e8b465ee728b)  -> (artifact id: '486066d15e4e2d1f404625b357b63227') in 0.000652 seconds 
  Import took 0.002266 seconds .

========================================================================
Received Import Request.
  Time since last request: 0.001610 seconds.
  path: Assets/Random.cs
  artifactKey: Guid(de449818e30ffd74381b18f78a6faf27) Importer(815301076,1909f56bfc062723c751e8b465ee728b)
Start importing Assets/Random.cs using Guid(de449818e30ffd74381b18f78a6faf27) Importer(815301076,1909f56bfc062723c751e8b465ee728b)  -> (artifact id: '48af799b090fbb3b1d4d79172965c748') in 0.152321 seconds 
  Import took 0.154352 seconds .

========================================================================
Received Import Request.
  Time since last request: 0.005027 seconds.
  path: Assets/Level1/Sky_back.png
  artifactKey: Guid(b242d9f759756934db962c886628a3e3) Importer(815301076,1909f56bfc062723c751e8b465ee728b)
Start importing Assets/Level1/Sky_back.png using Guid(b242d9f759756934db962c886628a3e3) Importer(815301076,1909f56bfc062723c751e8b465ee728b)  -> (artifact id: '3484692decf642d8acf12ba876b96c27') in 0.005859 seconds 
  Import took 0.007964 seconds .

========================================================================
Received Import Request.
  Time since last request: 0.002328 seconds.
  path: Assets/Level1/water.jpg
  artifactKey: Guid(3548ac3467da2ae49a4a543486927899) Importer(815301076,1909f56bfc062723c751e8b465ee728b)
Start importing Assets/Level1/water.jpg using Guid(3548ac3467da2ae49a4a543486927899) Importer(815301076,1909f56bfc062723c751e8b465ee728b)  -> (artifact id: '4dc27a80ab5e513f706f811f602b990f') in 0.005886 seconds 
  Import took 0.007739 seconds .

========================================================================
Received Import Request.
  Time since last request: 0.001185 seconds.
  path: Assets/TextMesh Pro/Shaders/TMP_SDF-Mobile.shader
  artifactKey: Guid(fe393ace9b354375a9cb14cdbbc28be4) Importer(815301076,1909f56bfc062723c751e8b465ee728b)
Start importing Assets/TextMesh Pro/Shaders/TMP_SDF-Mobile.shader using Guid(fe393ace9b354375a9cb14cdbbc28be4) Importer(815301076,1909f56bfc062723c751e8b465ee728b)  -> (artifact id: '4f9ce1d69a408f231373524b77b732fb') in 0.001158 seconds 
  Import took 0.002863 seconds .

========================================================================
Received Import Request.
  Time since last request: 0.001181 seconds.
  path: Assets/Level1/DL_ItemBell_Nrm.png
  artifactKey: Guid(2eacdbb8e3c1d184db9ce5c15bac0109) Importer(815301076,1909f56bfc062723c751e8b465ee728b)
Start importing Assets/Level1/DL_ItemBell_Nrm.png using Guid(2eacdbb8e3c1d184db9ce5c15bac0109) Importer(815301076,1909f56bfc062723c751e8b465ee728b)  -> (artifact id: '24c33886df978d23973cbe0804350754') in 0.028228 seconds 
  Import took 0.030233 seconds .

========================================================================
Received Import Request.
  Time since last request: 0.001821 seconds.
  path: Assets/Level1/Sky_left.png
  artifactKey: Guid(8751c30c32fb0ea438e88ccc4e79dd28) Importer(815301076,1909f56bfc062723c751e8b465ee728b)
Start importing Assets/Level1/Sky_left.png using Guid(8751c30c32fb0ea438e88ccc4e79dd28) Importer(815301076,1909f56bfc062723c751e8b465ee728b)  -> (artifact id: '6c351afcaabc55dc9f667aa90972e6d8') in 0.005520 seconds 
  Import took 0.007537 seconds .

========================================================================
Received Import Request.
  Time since last request: 0.001185 seconds.
  path: Assets/Level1/Sky_top.png
  artifactKey: Guid(d92d296c6a225e64b861dd1bf5e67669) Importer(815301076,1909f56bfc062723c751e8b465ee728b)
Start importing Assets/Level1/Sky_top.png using Guid(d92d296c6a225e64b861dd1bf5e67669) Importer(815301076,1909f56bfc062723c751e8b465ee728b)  -> (artifact id: '139ac8280712b3c8486de339d7c16983') in 0.005063 seconds 
  Import took 0.006778 seconds .

========================================================================
Received Import Request.
  Time since last request: 0.001241 seconds.
  path: Assets/Level1/New Lighting Settings.lighting
  artifactKey: Guid(2538fe7654439f94ebc36d0b16e4e563) Importer(815301076,1909f56bfc062723c751e8b465ee728b)
Start importing Assets/Level1/New Lighting Settings.lighting using Guid(2538fe7654439f94ebc36d0b16e4e563) Importer(815301076,1909f56bfc062723c751e8b465ee728b)  -> (artifact id: '5ea8e29c04ab4eb107f6382862329a5b') in 0.084231 seconds 
  Import took 0.086576 seconds .

========================================================================
Received Import Request.
  Time since last request: 0.001228 seconds.
  path: Assets/Level1/Mat_Skybox.mat
  artifactKey: Guid(401ed15d702720d40bbb0d4c64b159d6) Importer(815301076,1909f56bfc062723c751e8b465ee728b)
Start importing Assets/Level1/Mat_Skybox.mat using Guid(401ed15d702720d40bbb0d4c64b159d6) Importer(815301076,1909f56bfc062723c751e8b465ee728b)  -> (artifact id: 'f2beb4edd34364cf3851d3112684deb8') in 0.033099 seconds 
  Import took 0.035012 seconds .

========================================================================
Received Import Request.
  Time since last request: 0.002071 seconds.
  path: Assets/TextMesh Pro/Shaders/TMP_Bitmap.shader
  artifactKey: Guid(128e987d567d4e2c824d754223b3f3b0) Importer(815301076,1909f56bfc062723c751e8b465ee728b)
Start importing Assets/TextMesh Pro/Shaders/TMP_Bitmap.shader using Guid(128e987d567d4e2c824d754223b3f3b0) Importer(815301076,1909f56bfc062723c751e8b465ee728b)  -> (artifact id: '9f225947b6ad066d1aba1b604d4804f2') in 0.002236 seconds 
  Import took 0.004041 seconds .

========================================================================
Received Import Request.
  Time since last request: 0.001925 seconds.
  path: Assets/TextMesh Pro/Shaders/TMP_SDF-Mobile SSD.shader
  artifactKey: Guid(c8d12adcee749c344b8117cf7c7eb912) Importer(815301076,1909f56bfc062723c751e8b465ee728b)
Start importing Assets/TextMesh Pro/Shaders/TMP_SDF-Mobile SSD.shader using Guid(c8d12adcee749c344b8117cf7c7eb912) Importer(815301076,1909f56bfc062723c751e8b465ee728b)  -> (artifact id: 'aabcc7a72197af5826f7832743b8339b') in 0.001841 seconds 
  Import took 0.003376 seconds .

========================================================================
Received Import Request.
  Time since last request: 0.002214 seconds.
  path: Assets/Level1/DL_ItemBell_Alb.png
  artifactKey: Guid(519afd11f316856409c698d77eca4972) Importer(815301076,1909f56bfc062723c751e8b465ee728b)
Start importing Assets/Level1/DL_ItemBell_Alb.png using Guid(519afd11f316856409c698d77eca4972) Importer(815301076,1909f56bfc062723c751e8b465ee728b)  -> (artifact id: '5d3bd1583da6fda6c62138429f9068a2') in 0.005186 seconds 
  Import took 0.006971 seconds .

========================================================================
Received Import Request.
  Time since last request: 0.002172 seconds.
  path: Assets/Level1/S__1630211.jpg
  artifactKey: Guid(3c6840cf370c796428d0d94312383b4d) Importer(815301076,1909f56bfc062723c751e8b465ee728b)
Start importing Assets/Level1/S__1630211.jpg using Guid(3c6840cf370c796428d0d94312383b4d) Importer(815301076,1909f56bfc062723c751e8b465ee728b)  -> (artifact id: 'c53358aebd46eacc8ec03df1607b44b8') in 0.071895 seconds 
  Import took 0.073694 seconds .

========================================================================
Received Import Request.
  Time since last request: 0.001276 seconds.
  path: Assets/TextMesh Pro/Resources/LineBreaking Following Characters.txt
  artifactKey: Guid(fade42e8bc714b018fac513c043d323b) Importer(815301076,1909f56bfc062723c751e8b465ee728b)
Start importing Assets/TextMesh Pro/Resources/LineBreaking Following Characters.txt using Guid(fade42e8bc714b018fac513c043d323b) Importer(815301076,1909f56bfc062723c751e8b465ee728b)  -> (artifact id: 'c84519695b966c8ddf8d325a6adc21d0') in 1.411352 seconds 
  Import took 1.413422 seconds .

========================================================================
Received Import Request.
  Time since last request: 0.003723 seconds.
  path: Assets/TextMesh Pro/Fonts
  artifactKey: Guid(6ab70aee4d56447429c680537fbf93ed) Importer(815301076,1909f56bfc062723c751e8b465ee728b)
Start importing Assets/TextMesh Pro/Fonts using Guid(6ab70aee4d56447429c680537fbf93ed) Importer(815301076,1909f56bfc062723c751e8b465ee728b)  -> (artifact id: 'c860dfdf0522eec1202f36843e52d436') in 0.000597 seconds 
  Import took 0.002035 seconds .

========================================================================
Received Import Request.
  Time since last request: 0.000871 seconds.
  path: Assets/TextMesh Pro/Sprites/EmojiOne.json
  artifactKey: Guid(8f05276190cf498a8153f6cbe761d4e6) Importer(815301076,1909f56bfc062723c751e8b465ee728b)
Start importing Assets/TextMesh Pro/Sprites/EmojiOne.json using Guid(8f05276190cf498a8153f6cbe761d4e6) Importer(815301076,1909f56bfc062723c751e8b465ee728b)  -> (artifact id: 'c79196cd2f7dcd552e3ff295914fe8b3') in 0.752483 seconds 
  Import took 0.754174 seconds .

========================================================================
Received Import Request.
  Time since last request: 0.001906 seconds.
  path: Assets/TextMesh Pro/Resources/Fonts & Materials
  artifactKey: Guid(731f1baa9d144a9897cb1d341c2092b8) Importer(815301076,1909f56bfc062723c751e8b465ee728b)
Start importing Assets/TextMesh Pro/Resources/Fonts & Materials using Guid(731f1baa9d144a9897cb1d341c2092b8) Importer(815301076,1909f56bfc062723c751e8b465ee728b)  -> (artifact id: 'cbd6dcea75119183330fd0c84a35eed7') in 0.000455 seconds 
  Import took 0.001921 seconds .

========================================================================
Received Import Request.
  Time since last request: 0.000916 seconds.
  path: Assets/Level1/Bells.obj
  artifactKey: Guid(12fdc1b256c1af849a5a9614825b276a) Importer(815301076,1909f56bfc062723c751e8b465ee728b)
Start importing Assets/Level1/Bells.obj using Guid(12fdc1b256c1af849a5a9614825b276a) Importer(815301076,1909f56bfc062723c751e8b465ee728b)  -> (artifact id: '6275b778365dd29d2d8beaea0fe8f000') in 0.729999 seconds 
  Import took 0.732023 seconds .

========================================================================
Received Import Request.
  Time since last request: 0.001266 seconds.
  path: Assets/TextMesh Pro
  artifactKey: Guid(f54d1bd14bd3ca042bd867b519fee8cc) Importer(815301076,1909f56bfc062723c751e8b465ee728b)
Start importing Assets/TextMesh Pro using Guid(f54d1bd14bd3ca042bd867b519fee8cc) Importer(815301076,1909f56bfc062723c751e8b465ee728b)  -> (artifact id: '16b4cbde9565bf190136f1148817e1ea') in 0.000539 seconds 
  Import took 0.001942 seconds .

========================================================================
Received Import Request.
  Time since last request: 0.001078 seconds.
  path: Assets/Floating.cs
  artifactKey: Guid(ecb2f45a217812048a72dcc48746191f) Importer(815301076,1909f56bfc062723c751e8b465ee728b)
Start importing Assets/Floating.cs using Guid(ecb2f45a217812048a72dcc48746191f) Importer(815301076,1909f56bfc062723c751e8b465ee728b)  -> (artifact id: '0715327ab83725d555dbde962461e83a') in 0.001399 seconds 
  Import took 0.003317 seconds .

========================================================================
Received Import Request.
  Time since last request: 0.001007 seconds.
  path: Assets/Texture/DL_ItemBell_Nrm.png
  artifactKey: Guid(86db5fcf68f688c499f8689551f8da32) Importer(815301076,1909f56bfc062723c751e8b465ee728b)
Start importing Assets/Texture/DL_ItemBell_Nrm.png using Guid(86db5fcf68f688c499f8689551f8da32) Importer(815301076,1909f56bfc062723c751e8b465ee728b)  -> (artifact id: '9a5311c6cd4ad12c15fea678fc26d875') in 0.004333 seconds 
  Import took 0.006244 seconds .

========================================================================
Received Import Request.
  Time since last request: 0.001902 seconds.
  path: Assets/Level1/treasureKey.dae
  artifactKey: Guid(164993936f96b9d4082fcbce38b82401) Importer(815301076,1909f56bfc062723c751e8b465ee728b)
Start importing Assets/Level1/treasureKey.dae using Guid(164993936f96b9d4082fcbce38b82401) Importer(815301076,1909f56bfc062723c751e8b465ee728b)  -> (artifact id: 'af10fa635bcafe334861ca745178d6ab') in 0.014506 seconds 
  Import took 0.016534 seconds .

========================================================================
Received Import Request.
  Time since last request: 0.001220 seconds.
  path: Assets/Level1/Mat_Coin.mat
  artifactKey: Guid(6ee08492581ff9a408cc407dc1945f75) Importer(815301076,1909f56bfc062723c751e8b465ee728b)
Start importing Assets/Level1/Mat_Coin.mat using Guid(6ee08492581ff9a408cc407dc1945f75) Importer(815301076,1909f56bfc062723c751e8b465ee728b)  -> (artifact id: 'a8ee298c75802731c5bb62ab6041b439') in 0.348687 seconds 
  Import took 0.352785 seconds .

========================================================================
Received Import Request.
  Time since last request: 0.002041 seconds.
  path: Assets/main/ReflectionProbe-0.exr
  artifactKey: Guid(9c40066013eb052499f7a2752c0c55ab) Importer(815301076,1909f56bfc062723c751e8b465ee728b)
Start importing Assets/main/ReflectionProbe-0.exr using Guid(9c40066013eb052499f7a2752c0c55ab) Importer(815301076,1909f56bfc062723c751e8b465ee728b)  -> (artifact id: '218002f0717fcc155323fb6a2ef1a77e') in 0.581439 seconds 
  Import took 0.584757 seconds .

========================================================================
Received Import Request.
  Time since last request: 0.001289 seconds.
  path: Assets/Level1/Mat_Water.mat
  artifactKey: Guid(42b8d4270b4a3734a8d684d08873a95f) Importer(815301076,1909f56bfc062723c751e8b465ee728b)
Start importing Assets/Level1/Mat_Water.mat using Guid(42b8d4270b4a3734a8d684d08873a95f) Importer(815301076,1909f56bfc062723c751e8b465ee728b)  -> (artifact id: '3f3f7627bad9d6292f58dffcbd280c7f') in 0.010098 seconds 
  Import took 0.012194 seconds .

========================================================================
Received Import Request.
  Time since last request: 0.001151 seconds.
  path: Assets/Level1/Key.prefab
  artifactKey: Guid(3869433305c6c75478f247e2c31f9b78) Importer(815301076,1909f56bfc062723c751e8b465ee728b)
Start importing Assets/Level1/Key.prefab using Guid(3869433305c6c75478f247e2c31f9b78) Importer(815301076,1909f56bfc062723c751e8b465ee728b)  -> (artifact id: '5cbebc5bd05b758baeeda00bab894832') in 0.015184 seconds 
  Import took 0.017118 seconds .

========================================================================
Received Import Request.
  Time since last request: 0.001222 seconds.
  path: Assets/Level1/model.dae
  artifactKey: Guid(7876f0e802b9b5c4fbff7b9219f4614f) Importer(815301076,1909f56bfc062723c751e8b465ee728b)
Start importing Assets/Level1/model.dae using Guid(7876f0e802b9b5c4fbff7b9219f4614f) Importer(815301076,1909f56bfc062723c751e8b465ee728b)  -> (artifact id: '320bb2b9252f603420d43d1253daca67') in 0.030446 seconds 
  Import took 0.032504 seconds .

========================================================================
Received Import Request.
  Time since last request: 0.004218 seconds.
  path: Assets/TextMesh Pro/Shaders/TMP_Bitmap-Custom-Atlas.shader
  artifactKey: Guid(48bb5f55d8670e349b6e614913f9d910) Importer(815301076,1909f56bfc062723c751e8b465ee728b)
Start importing Assets/TextMesh Pro/Shaders/TMP_Bitmap-Custom-Atlas.shader using Guid(48bb5f55d8670e349b6e614913f9d910) Importer(815301076,1909f56bfc062723c751e8b465ee728b)  -> (artifact id: 'a6e773292f765700e36128470ac2b09b') in 0.002735 seconds 
  Import took 0.005161 seconds .

========================================================================
Received Import Request.
  Time since last request: 0.001092 seconds.
  path: Assets/TextMesh Pro/Shaders/TMP_SDF-Surface-Mobile.shader
  artifactKey: Guid(85187c2149c549c5b33f0cdb02836b17) Importer(815301076,1909f56bfc062723c751e8b465ee728b)
Start importing Assets/TextMesh Pro/Shaders/TMP_SDF-Surface-Mobile.shader using Guid(85187c2149c549c5b33f0cdb02836b17) Importer(815301076,1909f56bfc062723c751e8b465ee728b)  -> (artifact id: 'c3934fa56d28a748d521ef9f3f8a1ad3') in 0.002220 seconds 
  Import took 0.003989 seconds .

========================================================================
Received Import Request.
  Time since last request: 0.001203 seconds.
  path: Assets/TextMesh Pro/Shaders/TMPro_Properties.cginc
  artifactKey: Guid(3997e2241185407d80309a82f9148466) Importer(815301076,1909f56bfc062723c751e8b465ee728b)
Start importing Assets/TextMesh Pro/Shaders/TMPro_Properties.cginc using Guid(3997e2241185407d80309a82f9148466) Importer(815301076,1909f56bfc062723c751e8b465ee728b)  -> (artifact id: 'c391a3ef22de5419002cb66338ab7da8') in 0.002358 seconds 
  Import took 0.004657 seconds .

========================================================================
Received Import Request.
  Time since last request: 0.001651 seconds.
  path: Assets/Level1/LightingData.asset
  artifactKey: Guid(e58fe3b030c5a754ca0842c1a8dd3295) Importer(815301076,1909f56bfc062723c751e8b465ee728b)
Start importing Assets/Level1/LightingData.asset using Guid(e58fe3b030c5a754ca0842c1a8dd3295) Importer(815301076,1909f56bfc062723c751e8b465ee728b)  -> (artifact id: '18769f679c8dcc06b93d457e2d33570c') in 0.137130 seconds 
  Import took 0.139944 seconds .

========================================================================
Received Import Request.
  Time since last request: 0.001508 seconds.
  path: Assets/Level1/BoatModel.FBX
  artifactKey: Guid(8a8cb8861d7f0564e876f19c9a10d451) Importer(815301076,1909f56bfc062723c751e8b465ee728b)
Start importing Assets/Level1/BoatModel.FBX using Guid(8a8cb8861d7f0564e876f19c9a10d451) Importer(815301076,1909f56bfc062723c751e8b465ee728b)  -> (artifact id: '22d6f6eb62f5bf172c17d1572f369e16') in 0.468856 seconds 
  Import took 0.470747 seconds .

========================================================================
Received Import Request.
  Time since last request: 0.002228 seconds.
  path: Assets/Level1/Wall1.prefab
  artifactKey: Guid(dee669587c8a81b4098d2d1ad44e89a4) Importer(815301076,1909f56bfc062723c751e8b465ee728b)
Start importing Assets/Level1/Wall1.prefab using Guid(dee669587c8a81b4098d2d1ad44e89a4) Importer(815301076,1909f56bfc062723c751e8b465ee728b)  -> (artifact id: '4b1aafdac2ea9fd805096ecb3ce10e4a') in 0.018927 seconds 
  Import took 0.021630 seconds .

========================================================================
Received Import Request.
  Time since last request: 0.002193 seconds.
  path: Assets/Level1/Sky_front.png
  artifactKey: Guid(d0d7e919b3fc68e408b20e3a92554532) Importer(815301076,1909f56bfc062723c751e8b465ee728b)
Start importing Assets/Level1/Sky_front.png using Guid(d0d7e919b3fc68e408b20e3a92554532) Importer(815301076,1909f56bfc062723c751e8b465ee728b)  -> (artifact id: 'b4033449b4c48e9fb24f1c024d889643') in 0.006426 seconds 
  Import took 0.008735 seconds .

========================================================================
Received Import Request.
  Time since last request: 0.002997 seconds.
  path: Assets/TextMesh Pro/Resources/Style Sheets/Default Style Sheet.asset
  artifactKey: Guid(f952c082cb03451daed3ee968ac6c63e) Importer(815301076,1909f56bfc062723c751e8b465ee728b)
Start importing Assets/TextMesh Pro/Resources/Style Sheets/Default Style Sheet.asset using Guid(f952c082cb03451daed3ee968ac6c63e) Importer(815301076,1909f56bfc062723c751e8b465ee728b)  -> (artifact id: '99846f5a5cef2b9fb3476a6a84d35918') in 0.007306 seconds 
  Import took 0.009676 seconds .

========================================================================
Received Import Request.
  Time since last request: 0.001758 seconds.
  path: Assets/TextMesh Pro/Documentation
  artifactKey: Guid(8e7e8f5a82a3a134e91c54efd2274ea9) Importer(815301076,1909f56bfc062723c751e8b465ee728b)
Start importing Assets/TextMesh Pro/Documentation using Guid(8e7e8f5a82a3a134e91c54efd2274ea9) Importer(815301076,1909f56bfc062723c751e8b465ee728b)  -> (artifact id: '7f5aa99e36510f23d626084d8be9669f') in 0.000444 seconds 
  Import took 0.002041 seconds .

========================================================================
Received Import Request.
  Time since last request: 0.003219 seconds.
  path: Assets/TextMesh Pro/Shaders/TMPro.cginc
  artifactKey: Guid(407bc68d299748449bbf7f48ee690f8d) Importer(815301076,1909f56bfc062723c751e8b465ee728b)
Start importing Assets/TextMesh Pro/Shaders/TMPro.cginc using Guid(407bc68d299748449bbf7f48ee690f8d) Importer(815301076,1909f56bfc062723c751e8b465ee728b)  -> (artifact id: '96618cf0080ce3d9085f9f3f1a8b5a1f') in 0.003205 seconds 
  Import took 0.005659 seconds .

========================================================================
Received Import Request.
  Time since last request: 0.001331 seconds.
  path: Assets/Level1/Lion.prefab
  artifactKey: Guid(852b897fc17f786468ba16b1329bcf3a) Importer(815301076,1909f56bfc062723c751e8b465ee728b)
Start importing Assets/Level1/Lion.prefab using Guid(852b897fc17f786468ba16b1329bcf3a) Importer(815301076,1909f56bfc062723c751e8b465ee728b)  -> (artifact id: '7731881408c4f537e3edf6b3974f3552') in 0.023504 seconds 
  Import took 0.025997 seconds .

========================================================================
Received Import Request.
  Time since last request: 0.001437 seconds.
  path: Assets/TextMesh Pro/Fonts/LiberationSans - OFL.txt
  artifactKey: Guid(6e59c59b81ab47f9b6ec5781fa725d2c) Importer(815301076,1909f56bfc062723c751e8b465ee728b)
Start importing Assets/TextMesh Pro/Fonts/LiberationSans - OFL.txt using Guid(6e59c59b81ab47f9b6ec5781fa725d2c) Importer(815301076,1909f56bfc062723c751e8b465ee728b)  -> (artifact id: 'd8ed59a48b952935c94a9302b2b79e3d') in 0.005463 seconds 
  Import took 0.008090 seconds .

========================================================================
Received Import Request.
  Time since last request: 0.000892 seconds.
  path: Assets/TextMesh Pro/Resources/Style Sheets
  artifactKey: Guid(4aecb92fff08436c8303b10eab8da368) Importer(815301076,1909f56bfc062723c751e8b465ee728b)
Start importing Assets/TextMesh Pro/Resources/Style Sheets using Guid(4aecb92fff08436c8303b10eab8da368) Importer(815301076,1909f56bfc062723c751e8b465ee728b)  -> (artifact id: '8eb160d1f2f0150837d5eca199ae2098') in 0.000447 seconds 
  Import took 0.002295 seconds .

========================================================================
Received Import Request.
  Time since last request: 0.004519 seconds.
  path: Assets/TextMesh Pro/Resources/Sprite Assets/EmojiOne.asset
  artifactKey: Guid(c41005c129ba4d66911b75229fd70b45) Importer(815301076,1909f56bfc062723c751e8b465ee728b)
Start importing Assets/TextMesh Pro/Resources/Sprite Assets/EmojiOne.asset using Guid(c41005c129ba4d66911b75229fd70b45) Importer(815301076,1909f56bfc062723c751e8b465ee728b)  -> (artifact id: '093a2cdfc4701742cd4e2e9653a3929b') in 0.016992 seconds 
  Import took 0.020052 seconds .

========================================================================
Received Import Request.
  Time since last request: 0.004645 seconds.
  path: Assets/TextMesh Pro/Shaders/TMP_SDF-Mobile Masking.shader
  artifactKey: Guid(bc1ede39bf3643ee8e493720e4259791) Importer(815301076,1909f56bfc062723c751e8b465ee728b)
Start importing Assets/TextMesh Pro/Shaders/TMP_SDF-Mobile Masking.shader using Guid(bc1ede39bf3643ee8e493720e4259791) Importer(815301076,1909f56bfc062723c751e8b465ee728b)  -> (artifact id: 'ae7c62d4f0255bca868777bf220224fb') in 0.002259 seconds 
  Import took 0.004241 seconds .

========================================================================
Received Import Request.
  Time since last request: 0.001021 seconds.
  path: Assets/BoatController.cs
  artifactKey: Guid(4a1ef0953c1e71242a335df9485f0e3b) Importer(815301076,1909f56bfc062723c751e8b465ee728b)
Start importing Assets/BoatController.cs using Guid(4a1ef0953c1e71242a335df9485f0e3b) Importer(815301076,1909f56bfc062723c751e8b465ee728b)  -> (artifact id: 'f80b3a8c3961948eeeca2b90dfed2750') in 0.002589 seconds 
  Import took 0.005418 seconds .

========================================================================
Received Import Request.
  Time since last request: 0.001274 seconds.
  path: Assets/CameraFollow.cs
  artifactKey: Guid(a47aa706f2e24b44099d1ff033a8c40c) Importer(815301076,1909f56bfc062723c751e8b465ee728b)
Start importing Assets/CameraFollow.cs using Guid(a47aa706f2e24b44099d1ff033a8c40c) Importer(815301076,1909f56bfc062723c751e8b465ee728b)  -> (artifact id: '5ec0e02f280566e6007cf17cc1cab78a') in 0.002733 seconds 
  Import took 0.004743 seconds .

========================================================================
Received Import Request.
  Time since last request: 0.000995 seconds.
  path: Assets/MenuController.cs
  artifactKey: Guid(f72c2252794ecdd40830accff2074c11) Importer(815301076,1909f56bfc062723c751e8b465ee728b)
Start importing Assets/MenuController.cs using Guid(f72c2252794ecdd40830accff2074c11) Importer(815301076,1909f56bfc062723c751e8b465ee728b)  -> (artifact id: '3f884d119c4a7ddb80a224297b897c8c') in 0.002538 seconds 
  Import took 0.004235 seconds .

========================================================================
Received Import Request.
  Time since last request: 0.002494 seconds.
  path: Assets/TextMesh Pro/Shaders/TMP_Sprite.shader
  artifactKey: Guid(cf81c85f95fe47e1a27f6ae460cf182c) Importer(815301076,1909f56bfc062723c751e8b465ee728b)
Start importing Assets/TextMesh Pro/Shaders/TMP_Sprite.shader using Guid(cf81c85f95fe47e1a27f6ae460cf182c) Importer(815301076,1909f56bfc062723c751e8b465ee728b)  -> (artifact id: '8a8f70aa6fde22863e7d79a6409c06ea') in 0.004264 seconds 
  Import took 0.007137 seconds .

========================================================================
Received Import Request.
  Time since last request: 0.001196 seconds.
  path: Assets/TextMesh Pro/Sprites/EmojiOne Attribution.txt
  artifactKey: Guid(381dcb09d5029d14897e55f98031fca5) Importer(815301076,1909f56bfc062723c751e8b465ee728b)
Start importing Assets/TextMesh Pro/Sprites/EmojiOne Attribution.txt using Guid(381dcb09d5029d14897e55f98031fca5) Importer(815301076,1909f56bfc062723c751e8b465ee728b)  -> (artifact id: '44a278eb03e54c69e74108363736c562') in 0.002228 seconds 
  Import took 0.004160 seconds .

========================================================================
Received Import Request.
  Time since last request: 0.001170 seconds.
  path: Assets/TextMesh Pro/Shaders/TMPro_Mobile.cginc
  artifactKey: Guid(c334973cef89a9840b0b0c507e0377ab) Importer(815301076,1909f56bfc062723c751e8b465ee728b)
Start importing Assets/TextMesh Pro/Shaders/TMPro_Mobile.cginc using Guid(c334973cef89a9840b0b0c507e0377ab) Importer(815301076,1909f56bfc062723c751e8b465ee728b)  -> (artifact id: 'fa9814e77ddab0d71bea6c5357ebd555') in 0.002646 seconds 
  Import took 0.005440 seconds .

========================================================================
Received Import Request.
  Time since last request: 0.001861 seconds.
  path: Assets/Level1/Mat_Plush.mat
  artifactKey: Guid(aeeff90aa5020344ca47e114f7774e91) Importer(815301076,1909f56bfc062723c751e8b465ee728b)
Start importing Assets/Level1/Mat_Plush.mat using Guid(aeeff90aa5020344ca47e114f7774e91) Importer(815301076,1909f56bfc062723c751e8b465ee728b)  -> (artifact id: '79eadd9484c72f21f01d1007b30a208a') in 0.011603 seconds 
  Import took 0.014036 seconds .

========================================================================
Received Import Request.
  Time since last request: 0.001590 seconds.
  path: Assets/Level1/Sky_right.png
  artifactKey: Guid(4463ef33e37fe2f43b57e5a568d123d7) Importer(815301076,1909f56bfc062723c751e8b465ee728b)
Start importing Assets/Level1/Sky_right.png using Guid(4463ef33e37fe2f43b57e5a568d123d7) Importer(815301076,1909f56bfc062723c751e8b465ee728b)  -> (artifact id: '01f3a0db2d058860ddc3d575b782fc88') in 0.006687 seconds 
  Import took 0.009042 seconds .

========================================================================
Received Import Request.
  Time since last request: 0.003401 seconds.
  path: Assets/Level1/DL_ItemBell_Spm.png
  artifactKey: Guid(2fae374b1434071458ee3fa291bd14df) Importer(815301076,1909f56bfc062723c751e8b465ee728b)
Start importing Assets/Level1/DL_ItemBell_Spm.png using Guid(2fae374b1434071458ee3fa291bd14df) Importer(815301076,1909f56bfc062723c751e8b465ee728b)  -> (artifact id: '2b88a8a9ab380cc9a009dc9608769886') in 0.010809 seconds 
  Import took 0.013138 seconds .

========================================================================
Received Import Request.
  Time since last request: 0.003157 seconds.
  path: Assets/Level1/Mat_Lion.mat
  artifactKey: Guid(0bca712ba73e5e3489732e4ba9e967ed) Importer(815301076,1909f56bfc062723c751e8b465ee728b)
Start importing Assets/Level1/Mat_Lion.mat using Guid(0bca712ba73e5e3489732e4ba9e967ed) Importer(815301076,1909f56bfc062723c751e8b465ee728b)  -> (artifact id: '76f543a0c37a99d8ba173a50377669c5') in 0.023743 seconds 
  Import took 0.026360 seconds .

========================================================================
Received Import Request.
  Time since last request: 0.001209 seconds.
  path: Assets/Shop.cs
  artifactKey: Guid(a4f6927eda24b5f4585cac662cb7b6e8) Importer(815301076,1909f56bfc062723c751e8b465ee728b)
Start importing Assets/Shop.cs using Guid(a4f6927eda24b5f4585cac662cb7b6e8) Importer(815301076,1909f56bfc062723c751e8b465ee728b)  -> (artifact id: '55578ac1fb4ce2a69030fbb6205179ba') in 0.001688 seconds 
  Import took 0.003486 seconds .

========================================================================
Received Import Request.
  Time since last request: 0.002134 seconds.
  path: Assets/TextMesh Pro/Shaders/TMP_SDF-Surface.shader
  artifactKey: Guid(f7ada0af4f174f0694ca6a487b8f543d) Importer(815301076,1909f56bfc062723c751e8b465ee728b)
Start importing Assets/TextMesh Pro/Shaders/TMP_SDF-Surface.shader using Guid(f7ada0af4f174f0694ca6a487b8f543d) Importer(815301076,1909f56bfc062723c751e8b465ee728b)  -> (artifact id: 'bbed463d0a9b62a73829087db12b8449') in 0.004419 seconds 
  Import took 0.006982 seconds .

========================================================================
Received Import Request.
  Time since last request: 0.003340 seconds.
  path: Assets/TextMesh Pro/Resources/Sprite Assets
  artifactKey: Guid(512a49d95c0c4332bdd98131869c23c9) Importer(815301076,1909f56bfc062723c751e8b465ee728b)
Start importing Assets/TextMesh Pro/Resources/Sprite Assets using Guid(512a49d95c0c4332bdd98131869c23c9) Importer(815301076,1909f56bfc062723c751e8b465ee728b)  -> (artifact id: 'b31814b8e9a6a2d42a48cf87797f0e5e') in 0.000695 seconds 
  Import took 0.002210 seconds .

========================================================================
Received Import Request.
  Time since last request: 0.000790 seconds.
  path: Assets/Level1/ReflectionProbe-0.exr
  artifactKey: Guid(f0772b2d34d4cca40b03ad8ef9c93672) Importer(815301076,1909f56bfc062723c751e8b465ee728b)
Start importing Assets/Level1/ReflectionProbe-0.exr using Guid(f0772b2d34d4cca40b03ad8ef9c93672) Importer(815301076,1909f56bfc062723c751e8b465ee728b)  -> (artifact id: '2f1f6b95901b67da2cb6aa6cb1ad1f45') in 0.012041 seconds 
  Import took 0.014016 seconds .

========================================================================
Received Import Request.
  Time since last request: 0.001753 seconds.
  path: Assets/Level1/Coin Variant.prefab
  artifactKey: Guid(8912e9e49f4f3d347910cb97245ac6f2) Importer(815301076,1909f56bfc062723c751e8b465ee728b)
Start importing Assets/Level1/Coin Variant.prefab using Guid(8912e9e49f4f3d347910cb97245ac6f2) Importer(815301076,1909f56bfc062723c751e8b465ee728b)  -> (artifact id: 'ec4ffb2175b2c7ea898c64e07075e150') in 0.014050 seconds 
  Import took 0.016005 seconds .

========================================================================
Received Import Request.
  Time since last request: 0.001290 seconds.
  path: Assets/Level1/Sky_bottom.png
  artifactKey: Guid(d008578741836c548ae2db77c6e2c9d8) Importer(815301076,1909f56bfc062723c751e8b465ee728b)
Start importing Assets/Level1/Sky_bottom.png using Guid(d008578741836c548ae2db77c6e2c9d8) Importer(815301076,1909f56bfc062723c751e8b465ee728b)  -> (artifact id: 'ec6228fb0e0878e0c31f01c740dee155') in 0.006457 seconds 
  Import took 0.008388 seconds .

========================================================================
Received Import Request.
  Time since last request: 0.001145 seconds.
  path: Assets/Level1/treasureKey.png
  artifactKey: Guid(718a63928a574c74aa7a4051a2fe9793) Importer(815301076,1909f56bfc062723c751e8b465ee728b)
Start importing Assets/Level1/treasureKey.png using Guid(718a63928a574c74aa7a4051a2fe9793) Importer(815301076,1909f56bfc062723c751e8b465ee728b)  -> (artifact id: '28fadd4df5ecff845228cd05bf461934') in 0.004509 seconds 
  Import took 0.006749 seconds .

========================================================================
Received Import Request.
  Time since last request: 0.002257 seconds.
  path: Assets/Level1.unity
  artifactKey: Guid(7e04b0122f6f19b45864e559072e6744) Importer(815301076,1909f56bfc062723c751e8b465ee728b)
Start importing Assets/Level1.unity using Guid(7e04b0122f6f19b45864e559072e6744) Importer(815301076,1909f56bfc062723c751e8b465ee728b)  -> (artifact id: 'fcd0f157173321a2f7baa1d54e67db87') in 0.001276 seconds 
  Import took 0.003915 seconds .

========================================================================
Received Import Request.
  Time since last request: 0.002286 seconds.
  path: Assets/Level1/untitled1_albedo.jpg
  artifactKey: Guid(819080af41bf7414ea9235cf563c31c5) Importer(815301076,1909f56bfc062723c751e8b465ee728b)
Start importing Assets/Level1/untitled1_albedo.jpg using Guid(819080af41bf7414ea9235cf563c31c5) Importer(815301076,1909f56bfc062723c751e8b465ee728b)  -> (artifact id: '5379240197eb1e8e863b990ddba91e40') in 0.007408 seconds 
  Import took 0.009798 seconds .

========================================================================
Received Import Request.
  Time since last request: 0.002992 seconds.
  path: Assets/TextMesh Pro/Shaders/TMP_SDF Overlay.shader
  artifactKey: Guid(dd89cf5b9246416f84610a006f916af7) Importer(815301076,1909f56bfc062723c751e8b465ee728b)
Start importing Assets/TextMesh Pro/Shaders/TMP_SDF Overlay.shader using Guid(dd89cf5b9246416f84610a006f916af7) Importer(815301076,1909f56bfc062723c751e8b465ee728b)  -> (artifact id: 'a56ac6f17867d2cbb86efd07c92806df') in 0.002480 seconds 
  Import took 0.004901 seconds .

========================================================================
Received Import Request.
  Time since last request: 0.001056 seconds.
  path: Assets/TextMesh Pro/Sprites/EmojiOne.png
  artifactKey: Guid(dffef66376be4fa480fb02b19edbe903) Importer(815301076,1909f56bfc062723c751e8b465ee728b)
Start importing Assets/TextMesh Pro/Sprites/EmojiOne.png using Guid(dffef66376be4fa480fb02b19edbe903) Importer(815301076,1909f56bfc062723c751e8b465ee728b)  -> (artifact id: 'd78a27303d38c5bc73b55289faa0930d') in 0.006412 seconds 
  Import took 0.008549 seconds .

========================================================================
Received Import Request.
  Time since last request: 0.008190 seconds.
  path: Assets/Level1/miku01.obj
  artifactKey: Guid(43fee78d6ba75c24689766ba76001130) Importer(815301076,1909f56bfc062723c751e8b465ee728b)
Start importing Assets/Level1/miku01.obj using Guid(43fee78d6ba75c24689766ba76001130) Importer(815301076,1909f56bfc062723c751e8b465ee728b)  -> (artifact id: 'c1dd3d680fba5435835b1d9e87300d17') in 0.020961 seconds 
  Import took 0.023336 seconds .

========================================================================
Received Import Request.
  Time since last request: 0.001745 seconds.
  path: Assets/TextMesh Pro/Resources/TMP Settings.asset
  artifactKey: Guid(3f5b5dff67a942289a9defa416b206f3) Importer(815301076,1909f56bfc062723c751e8b465ee728b)
Start importing Assets/TextMesh Pro/Resources/TMP Settings.asset using Guid(3f5b5dff67a942289a9defa416b206f3) Importer(815301076,1909f56bfc062723c751e8b465ee728b)  -> (artifact id: '80217e6c75f9d2e4957cbc8093faaf48') in 0.024592 seconds 
  Import took 0.027579 seconds .

========================================================================
Received Import Request.
  Time since last request: 0.000985 seconds.
  path: Assets/TextMesh Pro/Sprites
  artifactKey: Guid(d0603b6d5186471b96c778c3949c7ce2) Importer(815301076,1909f56bfc062723c751e8b465ee728b)
Start importing Assets/TextMesh Pro/Sprites using Guid(d0603b6d5186471b96c778c3949c7ce2) Importer(815301076,1909f56bfc062723c751e8b465ee728b)  -> (artifact id: 'c825b4ecabc52a724fdd8944d5209777') in 0.000504 seconds 
  Import took 0.001912 seconds .

========================================================================
Received Import Request.
  Time since last request: 0.000936 seconds.
  path: Assets/Texture/untitled1_normal.png
  artifactKey: Guid(ca620fc96e7f83d4e9eba6474da694bb) Importer(815301076,1909f56bfc062723c751e8b465ee728b)
Start importing Assets/Texture/untitled1_normal.png using Guid(ca620fc96e7f83d4e9eba6474da694bb) Importer(815301076,1909f56bfc062723c751e8b465ee728b)  -> (artifact id: 'bb658ce7cbd4c8549acd9a17b746ceed') in 0.014508 seconds 
  Import took 0.016727 seconds .

========================================================================
Received Import Request.
  Time since last request: 0.002036 seconds.
  path: Assets/Level1/untitled1_normal.png
  artifactKey: Guid(26a183f332fc10b4dabe7ba41447ce82) Importer(815301076,1909f56bfc062723c751e8b465ee728b)
Start importing Assets/Level1/untitled1_normal.png using Guid(26a183f332fc10b4dabe7ba41447ce82) Importer(815301076,1909f56bfc062723c751e8b465ee728b)  -> (artifact id: '541f485ec255a3b0c8006eae6bb3144b') in 0.010819 seconds 
  Import took 0.013215 seconds .

========================================================================
Received Import Request.
  Time since last request: 0.002085 seconds.
  path: Assets/main.unity
  artifactKey: Guid(f4805546f1e65a94a852e63dd9250233) Importer(815301076,1909f56bfc062723c751e8b465ee728b)
Start importing Assets/main.unity using Guid(f4805546f1e65a94a852e63dd9250233) Importer(815301076,1909f56bfc062723c751e8b465ee728b)  -> (artifact id: 'c97c94852462578873ede78ccf48492e') in 0.001061 seconds 
  Import took 0.003410 seconds .

========================================================================
Received Import Request.
  Time since last request: 0.002294 seconds.
  path: Assets/TextMesh Pro/Documentation/TextMesh Pro User Guide 2016.pdf
  artifactKey: Guid(1b8d251f9af63b746bf2f7ffe00ebb9b) Importer(815301076,1909f56bfc062723c751e8b465ee728b)
Start importing Assets/TextMesh Pro/Documentation/TextMesh Pro User Guide 2016.pdf using Guid(1b8d251f9af63b746bf2f7ffe00ebb9b) Importer(815301076,1909f56bfc062723c751e8b465ee728b)  -> (artifact id: '68a8cd0d128e2de1afc31d38fd538062') in 0.527924 seconds 
  Import took 0.531001 seconds .

========================================================================
Received Import Request.
  Time since last request: 0.001427 seconds.
  path: Assets/CameraRotate.cs
  artifactKey: Guid(00c834928712c8c468bdbe216885a278) Importer(815301076,1909f56bfc062723c751e8b465ee728b)
Start importing Assets/CameraRotate.cs using Guid(00c834928712c8c468bdbe216885a278) Importer(815301076,1909f56bfc062723c751e8b465ee728b)  -> (artifact id: '7787d5bb4ca83fc187e1ab83914a7f00') in 0.003625 seconds 
  Import took 0.006026 seconds .

========================================================================
Received Import Request.
  Time since last request: 0.002189 seconds.
  path: Assets/TextMesh Pro/Shaders/TMP_Bitmap-Mobile.shader
  artifactKey: Guid(1e3b057af24249748ff873be7fafee47) Importer(815301076,1909f56bfc062723c751e8b465ee728b)
Start importing Assets/TextMesh Pro/Shaders/TMP_Bitmap-Mobile.shader using Guid(1e3b057af24249748ff873be7fafee47) Importer(815301076,1909f56bfc062723c751e8b465ee728b)  -> (artifact id: '344ef1613159f6124c746b2a060c4bfd') in 0.001142 seconds 
  Import took 0.003173 seconds .

========================================================================
Received Import Request.
  Time since last request: 0.001156 seconds.
  path: Assets/TextMesh Pro/Shaders/TMP_SDF-Mobile Overlay.shader
  artifactKey: Guid(a02a7d8c237544f1962732b55a9aebf1) Importer(815301076,1909f56bfc062723c751e8b465ee728b)
Start importing Assets/TextMesh Pro/Shaders/TMP_SDF-Mobile Overlay.shader using Guid(a02a7d8c237544f1962732b55a9aebf1) Importer(815301076,1909f56bfc062723c751e8b465ee728b)  -> (artifact id: 'd7fb1066c27cd13b4331ba74d8c72a06') in 0.001400 seconds 
  Import took 0.004227 seconds .

========================================================================
Received Import Request.
  Time since last request: 0.001189 seconds.
  path: Assets/TextMesh Pro/Resources
  artifactKey: Guid(243e06394e614e5d99fab26083b707fa) Importer(815301076,1909f56bfc062723c751e8b465ee728b)
Start importing Assets/TextMesh Pro/Resources using Guid(243e06394e614e5d99fab26083b707fa) Importer(815301076,1909f56bfc062723c751e8b465ee728b)  -> (artifact id: '0df7051f5b12f3f69d646d60f9166c36') in 0.000644 seconds 
  Import took 0.002325 seconds .

========================================================================
Received Import Request.
  Time since last request: 0.000909 seconds.
  path: Assets/Level1/TMP - Text Component Icon.psd
  artifactKey: Guid(07905a42dd582884abd56cbaf95cd92a) Importer(815301076,1909f56bfc062723c751e8b465ee728b)
Start importing Assets/Level1/TMP - Text Component Icon.psd using Guid(07905a42dd582884abd56cbaf95cd92a) Importer(815301076,1909f56bfc062723c751e8b465ee728b)  -> (artifact id: 'f5f0328f3202a91fa8d5e671d8e3de76') in 0.005503 seconds 
  Import took 0.007434 seconds .

========================================================================
Received Import Request.
  Time since last request: 0.003505 seconds.
  path: Assets/TextMesh Pro/Resources/LineBreaking Leading Characters.txt
  artifactKey: Guid(d82c1b31c7e74239bff1220585707d2b) Importer(815301076,1909f56bfc062723c751e8b465ee728b)
Start importing Assets/TextMesh Pro/Resources/LineBreaking Leading Characters.txt using Guid(d82c1b31c7e74239bff1220585707d2b) Importer(815301076,1909f56bfc062723c751e8b465ee728b)  -> (artifact id: '55ff7fcf1dc11b21acfd2150599fb6bf') in 0.001760 seconds 
  Import took 0.004158 seconds .

========================================================================
Received Import Request.
  Time since last request: 0.001164 seconds.
  path: Assets/main/LightingData.asset
  artifactKey: Guid(6ea9d6085cb49f041824de525aa81a84) Importer(815301076,1909f56bfc062723c751e8b465ee728b)
Start importing Assets/main/LightingData.asset using Guid(6ea9d6085cb49f041824de525aa81a84) Importer(815301076,1909f56bfc062723c751e8b465ee728b)  -> (artifact id: '747c32939125e8d502ea081c66704797') in 0.001346 seconds 
  Import took 0.003441 seconds .

========================================================================
Received Import Request.
  Time since last request: 0.001010 seconds.
  path: Assets/TextMesh Pro/Fonts/LiberationSans.ttf
  artifactKey: Guid(e3265ab4bf004d28a9537516768c1c75) Importer(815301076,1909f56bfc062723c751e8b465ee728b)
Start importing Assets/TextMesh Pro/Fonts/LiberationSans.ttf using Guid(e3265ab4bf004d28a9537516768c1c75) Importer(815301076,1909f56bfc062723c751e8b465ee728b)  -> (artifact id: 'a31d09850e079c4c77073532874e4c7b') in 0.014014 seconds 
  Import took 0.016026 seconds .

========================================================================
Received Prepare
Registering precompiled user dll's ...
Registered in 0.003440 seconds.
Begin MonoManager ReloadAssembly
Native extension for OSXStandalone target not found
Refreshing native plugins compatible for Editor in 0.32 ms, found 2 plugins.
Preloading 0 native plugins for Editor in 0.00 ms.
Mono: successfully reloaded assembly
- Completed reload, in  2.890 seconds
Platform modules already initialized, skipping
Refreshing native plugins compatible for Editor in 0.31 ms, found 2 plugins.
Preloading 0 native plugins for Editor in 0.00 ms.
Unloading 1597 Unused Serialized files (Serialized files now loaded: 0)
System memory in use before: 238.6 MB.
System memory in use after: 238.7 MB.

Unloading 15 unused Assets to reduce memory usage. Loaded Objects now: 2112.
Total: 1.922542 ms (FindLiveObjects: 0.131875 ms CreateObjectMapping: 0.031333 ms MarkObjects: 1.729375 ms  DeleteObjects: 0.029083 ms)

AssetImportParameters requested are different than current active one (requested -> active):
  custom:video-decoder-ogg-theora: a1e56fd34408186e4bbccfd4996cb3dc -> 
  custom:container-muxer-webm: aa71ff27fc2769a1b78a27578f13a17b -> 
  custom:container-demuxer-webm: 4f35f7cbe854078d1ac9338744f61a02 -> 
  custom:container-demuxer-ogg: 62fdf1f143b41e24485cea50d1cbac27 -> 
  custom:video-encoder-webm-vp8: eb34c28f22e8b96e1ab97ce403110664 -> 
  custom:framework-osx-AVFoundation: e770b220cccbd017edd2c1fefb359320 -> 
  custom:video-decoder-webm-vp8: 9c59270c3fd7afecdb556c50c9e8de78 -> 
  custom:audio-decoder-ogg-vorbis: bf7c407c2cedff20999df2af8eb42d56 -> 
  custom:audio-encoder-webm-vorbis: bf7c407c2cedff20999df2af8eb42d56 -> 
